{
  message: 'shuhratkarimov.dev@gmail.com email egasi login qilishga urindi!',
  level: 'info',
  timestamp: '2025-05-03 18:12:02'
}
{
  message: 'shuhrat tizimga kirdi!',
  level: 'info',
  timestamp: '2025-05-03 18:12:02'
}
{
  message: '{\n' +
    '    "method": "POST",\n' +
    '    "url": "/login",\n' +
    '    "status": 200,\n' +
    '    "duration": "629ms",\n' +
    '    "requestBody": {\n' +
    '        "email": "shuhratkarimov.dev@gmail.com",\n' +
    '        "password": "11111"\n' +
    '    },\n' +
    '    "responseHeaders": {\n' +
    `        "content-security-policy": "default-src 'self';base-uri 'self';font-src 'self' https: data:;form-action 'self';frame-ancestors 'self';img-src 'self' data:;object-src 'none';script-src 'self';script-src-attr 'none';style-src 'self' https: 'unsafe-inline';upgrade-insecure-requests",\n` +
    '        "cross-origin-opener-policy": "same-origin",\n' +
    '        "cross-origin-resource-policy": "same-origin",\n' +
    '        "origin-agent-cluster": "?1",\n' +
    '        "referrer-policy": "no-referrer",\n' +
    '        "strict-transport-security": "max-age=31536000; includeSubDomains",\n' +
    '        "x-content-type-options": "nosniff",\n' +
    '        "x-dns-prefetch-control": "off",\n' +
    '        "x-download-options": "noopen",\n' +
    '        "x-frame-options": "SAMEORIGIN",\n' +
    '        "x-permitted-cross-domain-policies": "none",\n' +
    '        "x-xss-protection": "0",\n' +
    '        "x-ratelimit-limit": "4",\n' +
    '        "x-ratelimit-remaining": "3",\n' +
    '        "date": "Sat, 03 May 2025 13:12:02 GMT",\n' +
    '        "x-ratelimit-reset": "1746277933",\n' +
    '        "access-control-allow-origin": "*",\n' +
    '        "set-cookie": "accesstoken=eyJhbGciOiJIUzI1NiIsInR5cCI6IkpXVCJ9.eyJ1c2VybmFtZSI6InNodWhyYXQiLCJlbWFpbCI6InNodWhyYXRrYXJpbW92LmRldkBnbWFpbC5jb20iLCJyb2xlIjoiYWRtaW4iLCJpYXQiOjE3NDYyNzc5MjIsImV4cCI6MTc0NjI3ODgyMn0.Rdfe7iF2Ad4EfRYYJ-LaXoC4eEHiw2IiFc8s5oEtQpg; Max-Age=900; Path=/; Expires=Sat, 03 May 2025 13:27:02 GMT; HttpOnly",\n' +
    '        "content-type": "application/json; charset=utf-8",\n' +
    '        "content-length": "307",\n' +
    '        "etag": "W/\\"133-2KE+lz20G55C6uHBqRW2g1fK6YU\\""\n' +
    '    }\n' +
    '}',
  level: 'info',
  timestamp: '2025-05-03 18:12:02'
}
{
  message: 'shuhratkarimov.dev@gmail.com email egasi login qilishga urindi!',
  level: 'info',
  timestamp: '2025-05-03 18:12:04'
}
{
  message: 'shuhrat tizimga kirdi!',
  level: 'info',
  timestamp: '2025-05-03 18:12:04'
}
{
  message: '{\n' +
    '    "method": "POST",\n' +
    '    "url": "/login",\n' +
    '    "status": 200,\n' +
    '    "duration": "523ms",\n' +
    '    "requestBody": {\n' +
    '        "email": "shuhratkarimov.dev@gmail.com",\n' +
    '        "password": "11111"\n' +
    '    },\n' +
    '    "responseHeaders": {\n' +
    `        "content-security-policy": "default-src 'self';base-uri 'self';font-src 'self' https: data:;form-action 'self';frame-ancestors 'self';img-src 'self' data:;object-src 'none';script-src 'self';script-src-attr 'none';style-src 'self' https: 'unsafe-inline';upgrade-insecure-requests",\n` +
    '        "cross-origin-opener-policy": "same-origin",\n' +
    '        "cross-origin-resource-policy": "same-origin",\n' +
    '        "origin-agent-cluster": "?1",\n' +
    '        "referrer-policy": "no-referrer",\n' +
    '        "strict-transport-security": "max-age=31536000; includeSubDomains",\n' +
    '        "x-content-type-options": "nosniff",\n' +
    '        "x-dns-prefetch-control": "off",\n' +
    '        "x-download-options": "noopen",\n' +
    '        "x-frame-options": "SAMEORIGIN",\n' +
    '        "x-permitted-cross-domain-policies": "none",\n' +
    '        "x-xss-protection": "0",\n' +
    '        "x-ratelimit-limit": "4",\n' +
    '        "x-ratelimit-remaining": "2",\n' +
    '        "date": "Sat, 03 May 2025 13:12:04 GMT",\n' +
    '        "x-ratelimit-reset": "1746277933",\n' +
    '        "access-control-allow-origin": "*",\n' +
    '        "set-cookie": "accesstoken=eyJhbGciOiJIUzI1NiIsInR5cCI6IkpXVCJ9.eyJ1c2VybmFtZSI6InNodWhyYXQiLCJlbWFpbCI6InNodWhyYXRrYXJpbW92LmRldkBnbWFpbC5jb20iLCJyb2xlIjoiYWRtaW4iLCJpYXQiOjE3NDYyNzc5MjQsImV4cCI6MTc0NjI3ODgyNH0.eMZzhqDmItKL7Nm2L_W6oSVo5n18yqC-xgkrNSVIVkY; Max-Age=900; Path=/; Expires=Sat, 03 May 2025 13:27:04 GMT; HttpOnly",\n' +
    '        "content-type": "application/json; charset=utf-8",\n' +
    '        "content-length": "307",\n' +
    '        "etag": "W/\\"133-0SIjeodGz05IjFYQBD73tt4vOV8\\""\n' +
    '    }\n' +
    '}',
  level: 'info',
  timestamp: '2025-05-03 18:12:04'
}
{
  message: 'shuhratkarimov.dev@gmail.com email egasi login qilishga urindi!',
  level: 'info',
  timestamp: '2025-05-03 18:12:05'
}
{
  message: 'shuhrat tizimga kirdi!',
  level: 'info',
  timestamp: '2025-05-03 18:12:05'
}
{
  message: '{\n' +
    '    "method": "POST",\n' +
    '    "url": "/login",\n' +
    '    "status": 200,\n' +
    '    "duration": "525ms",\n' +
    '    "requestBody": {\n' +
    '        "email": "shuhratkarimov.dev@gmail.com",\n' +
    '        "password": "11111"\n' +
    '    },\n' +
    '    "responseHeaders": {\n' +
    `        "content-security-policy": "default-src 'self';base-uri 'self';font-src 'self' https: data:;form-action 'self';frame-ancestors 'self';img-src 'self' data:;object-src 'none';script-src 'self';script-src-attr 'none';style-src 'self' https: 'unsafe-inline';upgrade-insecure-requests",\n` +
    '        "cross-origin-opener-policy": "same-origin",\n' +
    '        "cross-origin-resource-policy": "same-origin",\n' +
    '        "origin-agent-cluster": "?1",\n' +
    '        "referrer-policy": "no-referrer",\n' +
    '        "strict-transport-security": "max-age=31536000; includeSubDomains",\n' +
    '        "x-content-type-options": "nosniff",\n' +
    '        "x-dns-prefetch-control": "off",\n' +
    '        "x-download-options": "noopen",\n' +
    '        "x-frame-options": "SAMEORIGIN",\n' +
    '        "x-permitted-cross-domain-policies": "none",\n' +
    '        "x-xss-protection": "0",\n' +
    '        "x-ratelimit-limit": "4",\n' +
    '        "x-ratelimit-remaining": "1",\n' +
    '        "date": "Sat, 03 May 2025 13:12:05 GMT",\n' +
    '        "x-ratelimit-reset": "1746277933",\n' +
    '        "access-control-allow-origin": "*",\n' +
    '        "set-cookie": "accesstoken=eyJhbGciOiJIUzI1NiIsInR5cCI6IkpXVCJ9.eyJ1c2VybmFtZSI6InNodWhyYXQiLCJlbWFpbCI6InNodWhyYXRrYXJpbW92LmRldkBnbWFpbC5jb20iLCJyb2xlIjoiYWRtaW4iLCJpYXQiOjE3NDYyNzc5MjUsImV4cCI6MTc0NjI3ODgyNX0.PCmhNYiJbH58aa7lYTHsThCm4pHxr6sUqoaUnqWHfuU; Max-Age=900; Path=/; Expires=Sat, 03 May 2025 13:27:05 GMT; HttpOnly",\n' +
    '        "content-type": "application/json; charset=utf-8",\n' +
    '        "content-length": "307",\n' +
    '        "etag": "W/\\"133-9FAy/q7Qm/2QbUr2mgs8/3dUwwA\\""\n' +
    '    }\n' +
    '}',
  level: 'info',
  timestamp: '2025-05-03 18:12:05'
}
{
  message: 'shuhratkarimov.dev@gmail.com email egasi login qilishga urindi!',
  level: 'info',
  timestamp: '2025-05-03 18:12:07'
}
{
  message: 'shuhrat tizimga kirdi!',
  level: 'info',
  timestamp: '2025-05-03 18:12:07'
}
{
  message: '{\n' +
    '    "method": "POST",\n' +
    '    "url": "/login",\n' +
    '    "status": 200,\n' +
    '    "duration": "605ms",\n' +
    '    "requestBody": {\n' +
    '        "email": "shuhratkarimov.dev@gmail.com",\n' +
    '        "password": "11111"\n' +
    '    },\n' +
    '    "responseHeaders": {\n' +
    `        "content-security-policy": "default-src 'self';base-uri 'self';font-src 'self' https: data:;form-action 'self';frame-ancestors 'self';img-src 'self' data:;object-src 'none';script-src 'self';script-src-attr 'none';style-src 'self' https: 'unsafe-inline';upgrade-insecure-requests",\n` +
    '        "cross-origin-opener-policy": "same-origin",\n' +
    '        "cross-origin-resource-policy": "same-origin",\n' +
    '        "origin-agent-cluster": "?1",\n' +
    '        "referrer-policy": "no-referrer",\n' +
    '        "strict-transport-security": "max-age=31536000; includeSubDomains",\n' +
    '        "x-content-type-options": "nosniff",\n' +
    '        "x-dns-prefetch-control": "off",\n' +
    '        "x-download-options": "noopen",\n' +
    '        "x-frame-options": "SAMEORIGIN",\n' +
    '        "x-permitted-cross-domain-policies": "none",\n' +
    '        "x-xss-protection": "0",\n' +
    '        "x-ratelimit-limit": "4",\n' +
    '        "x-ratelimit-remaining": "0",\n' +
    '        "date": "Sat, 03 May 2025 13:12:06 GMT",\n' +
    '        "x-ratelimit-reset": "1746277933",\n' +
    '        "access-control-allow-origin": "*",\n' +
    '        "set-cookie": "accesstoken=eyJhbGciOiJIUzI1NiIsInR5cCI6IkpXVCJ9.eyJ1c2VybmFtZSI6InNodWhyYXQiLCJlbWFpbCI6InNodWhyYXRrYXJpbW92LmRldkBnbWFpbC5jb20iLCJyb2xlIjoiYWRtaW4iLCJpYXQiOjE3NDYyNzc5MjcsImV4cCI6MTc0NjI3ODgyN30.h3qTJMO8H_vOMGuaXVKUcj0VpW-ZJAl1-83yMXXhMqQ; Max-Age=900; Path=/; Expires=Sat, 03 May 2025 13:27:07 GMT; HttpOnly",\n' +
    '        "content-type": "application/json; charset=utf-8",\n' +
    '        "content-length": "307",\n' +
    '        "etag": "W/\\"133-HQF/jAj/jLNpXHMfjL9Rbj7h/ts\\""\n' +
    '    }\n' +
    '}',
  level: 'info',
  timestamp: '2025-05-03 18:12:07'
}
{
  message: '{\n' +
    '    "method": "POST",\n' +
    '    "url": "/login",\n' +
    '    "status": 429,\n' +
    '    "duration": "2ms",\n' +
    '    "responseHeaders": {\n' +
    `        "content-security-policy": "default-src 'self';base-uri 'self';font-src 'self' https: data:;form-action 'self';frame-ancestors 'self';img-src 'self' data:;object-src 'none';script-src 'self';script-src-attr 'none';style-src 'self' https: 'unsafe-inline';upgrade-insecure-requests",\n` +
    '        "cross-origin-opener-policy": "same-origin",\n' +
    '        "cross-origin-resource-policy": "same-origin",\n' +
    '        "origin-agent-cluster": "?1",\n' +
    '        "referrer-policy": "no-referrer",\n' +
    '        "strict-transport-security": "max-age=31536000; includeSubDomains",\n' +
    '        "x-content-type-options": "nosniff",\n' +
    '        "x-dns-prefetch-control": "off",\n' +
    '        "x-download-options": "noopen",\n' +
    '        "x-frame-options": "SAMEORIGIN",\n' +
    '        "x-permitted-cross-domain-policies": "none",\n' +
    '        "x-xss-protection": "0",\n' +
    '        "x-ratelimit-limit": "4",\n' +
    '        "x-ratelimit-remaining": "0",\n' +
    '        "date": "Sat, 03 May 2025 13:12:08 GMT",\n' +
    '        "x-ratelimit-reset": "1746277933",\n' +
    '        "retry-after": "5",\n' +
    '        "content-type": "text/html; charset=utf-8",\n' +
    '        "content-length": "42",\n' +
    '        "etag": "W/\\"2a-UpTsLJ74nYuiLgNgEwlQMxGqwrE\\""\n' +
    '    }\n' +
    '}',
  level: 'info',
  timestamp: '2025-05-03 18:12:08'
}
